<?xml version="1.0" encoding="UTF-8"?>
<testng-results ignored="0" total="1" passed="1" failed="0" skipped="0">
  <reporter-output>
  </reporter-output>
  <suite started-at="2024-12-21T16:47:01 IST" name="Default suite" finished-at="2024-12-21T16:47:13 IST" duration-ms="11880">
    <groups>
    </groups>
    <test started-at="2024-12-21T16:47:01 IST" name="Default test" finished-at="2024-12-21T16:47:13 IST" duration-ms="11880">
      <class name="com.cdac.acts.selenium.NewTest">
        <test-method signature="f()[pri:0, instance:com.cdac.acts.selenium.NewTest@6cf0e0ba]" started-at="2024-12-21T16:47:01 IST" name="f" finished-at="2024-12-21T16:47:13 IST" duration-ms="11831" status="PASS">
          <reporter-output>
          </reporter-output>
        </test-method> <!-- f -->
      </class> <!-- com.cdac.acts.selenium.NewTest -->
    </test> <!-- Default test -->
  </suite> <!-- Default suite -->
</testng-results>
